[0110/092047.918:INFO:CONSOLE(1)] "Long rAF frame-time", source: file:///C:/Program%20Files/Adobe/Adobe%20Photoshop%202020/Required/www-rich-tooltips/build/external.js (1)
[0110/092048.358:ERROR:mf_helpers.cc(14)] Error in dxva_video_decode_accelerator_win.cc on line 1612
[0110/092048.359:ERROR:mf_helpers.cc(14)] Error in dxva_video_decode_accelerator_win.cc on line 842
[0110/092048.381:ERROR:mf_helpers.cc(14)] Error in dxva_video_decode_accelerator_win.cc on line 1612
[0110/092048.381:ERROR:mf_helpers.cc(14)] Error in dxva_video_decode_accelerator_win.cc on line 842
[0110/092048.410:WARNING:angle_platform_impl.cc(52)] compileToBinary(230): 
C:\fakepath(69,8-58): warning X3571: pow(f, e) will not work for negative f, use abs(f) or conditionally handle negative values if you expect them
C:\fakepath(77,9-43): warning X3571: pow(f, e) will not work for negative f, use abs(f) or conditionally handle negative values if you expect them

[0110/150637.104:INFO:CONSOLE(1)] "Long rAF frame-time", source: file:///C:/Program%20Files/Adobe/Adobe%20Photoshop%202020/Required/www-rich-tooltips/build/external.js (1)
[0110/150637.451:ERROR:mf_helpers.cc(14)] Error in dxva_video_decode_accelerator_win.cc on line 1612
[0110/150637.451:ERROR:mf_helpers.cc(14)] Error in dxva_video_decode_accelerator_win.cc on line 842
[0110/152232.817:ERROR:mf_helpers.cc(14)] Error in dxva_video_decode_accelerator_win.cc on line 1612
[0110/152232.817:ERROR:mf_helpers.cc(14)] Error in dxva_video_decode_accelerator_win.cc on line 842
[0110/161757.476:ERROR:browser_gpu_channel_host_factory.cc(139)] Failed to launch GPU process.
[0111/161154.938:ERROR:browser_gpu_channel_host_factory.cc(139)] Failed to launch GPU process.
[0114/161057.158:WARNING:dns_config_service_win.cc(668)] Failed to read DnsConfig.
[0115/162922.128:WARNING:dns_config_service_win.cc(668)] Failed to read DnsConfig.
[0116/123606.971:WARNING:dns_config_service_win.cc(668)] Failed to read DnsConfig.
[0116/160542.799:ERROR:browser_gpu_channel_host_factory.cc(139)] Failed to launch GPU process.
[0131/165942.048:WARNING:dns_config_service_win.cc(668)] Failed to read DnsConfig.
[0131/193416.839:WARNING:dns_config_service_win.cc(668)] Failed to read DnsConfig.
[0131/195658.759:WARNING:dns_config_service_win.cc(668)] Failed to read DnsConfig.
[0131/213124.196:WARNING:dns_config_service_win.cc(668)] Failed to read DnsConfig.
[0201/163543.636:WARNING:dns_config_service_win.cc(668)] Failed to read DnsConfig.
[0201/212600.260:WARNING:dns_config_service_win.cc(668)] Failed to read DnsConfig.
[0201/214156.500:WARNING:dns_config_service_win.cc(668)] Failed to read DnsConfig.
[0201/221600.830:ERROR:browser_gpu_channel_host_factory.cc(139)] Failed to launch GPU process.
[0203/142950.610:ERROR:browser_gpu_channel_host_factory.cc(139)] Failed to launch GPU process.
